{"level":"info","msg":"mysql connect success","time":"2021-02-02 00:51:30"}
{"body":"","clientIP":"127.0.0.1","err":null,"header":{"Accept":["text/html,application/xhtml+xml,application/xml;q=0.9,image/avif,image/webp,image/apng,*/*;q=0.8,application/signed-exchange;v=b3;q=0.9"],"Accept-Encoding":["gzip, deflate, br"],"Accept-Language":["zh-CN,zh;q=0.9,en-US;q=0.8,en;q=0.7"],"Cache-Control":["max-age=0"],"Connection":["keep-alive"],"Cookie":["csrftoken=luB26W1mfni5UQ87iwiN9v2bLkLHWptrh1QuCJ4FR3nZEvsBprWoaPPx3oKCH5S2"],"Sec-Fetch-Dest":["document"],"Sec-Fetch-Mode":["navigate"],"Sec-Fetch-Site":["none"],"Sec-Fetch-User":["?1"],"Upgrade-Insecure-Requests":["1"],"User-Agent":["Mozilla/5.0 (Windows NT 10.0; Win64; x64) AppleWebKit/537.36 (KHTML, like Gecko) Chrome/89.0.4381.7 Safari/537.36 FS"]},"latency_Time":0,"level":"info","msg":"","proto":"HTTP/1.1","reMethod":"GET","reqUri":"/","status_code":404,"time":"2021-02-02 00:51:59"}
{"body":"","clientIP":"127.0.0.1","err":null,"header":{"Accept":["text/html,application/xhtml+xml,application/xml;q=0.9,image/avif,image/webp,image/apng,*/*;q=0.8,application/signed-exchange;v=b3;q=0.9"],"Accept-Encoding":["gzip, deflate, br"],"Accept-Language":["zh-CN,zh;q=0.9,en-US;q=0.8,en;q=0.7"],"Cache-Control":["max-age=0"],"Connection":["keep-alive"],"Cookie":["csrftoken=luB26W1mfni5UQ87iwiN9v2bLkLHWptrh1QuCJ4FR3nZEvsBprWoaPPx3oKCH5S2"],"Sec-Fetch-Dest":["document"],"Sec-Fetch-Mode":["navigate"],"Sec-Fetch-Site":["none"],"Sec-Fetch-User":["?1"],"Upgrade-Insecure-Requests":["1"],"User-Agent":["Mozilla/5.0 (Windows NT 10.0; Win64; x64) AppleWebKit/537.36 (KHTML, like Gecko) Chrome/89.0.4381.7 Safari/537.36 FS"]},"latency_Time":0,"level":"info","msg":"","proto":"HTTP/1.1","reMethod":"GET","reqUri":"/","status_code":404,"time":"2021-02-02 00:51:59"}
{"level":"info","msg":"Shutdown Server ...","time":"2021-02-02 00:52:44"}
{"level":"info","msg":"Server exiting","time":"2021-02-02 00:52:44"}
{"level":"info","msg":"mysql connect success","time":"2021-02-02 00:54:22"}
{"level":"info","msg":"Shutdown Server ...","time":"2021-02-02 00:54:23"}
{"level":"info","msg":"Server exiting","time":"2021-02-02 00:54:23"}
{"level":"info","msg":"mysql connect success","time":"2021-02-02 00:54:43"}
{"level":"info","msg":"Shutdown Server ...","time":"2021-02-02 00:55:02"}
{"level":"info","msg":"Server exiting","time":"2021-02-02 00:55:02"}
{"level":"info","msg":"mysql connect success","time":"2021-02-02 00:55:06"}
{"level":"info","msg":"Shutdown Server ...","time":"2021-02-02 00:55:11"}
{"level":"info","msg":"Server exiting","time":"2021-02-02 00:55:11"}
{"level":"info","msg":"mysql connect success","time":"2021-02-02 00:56:08"}
{"body":"","clientIP":"127.0.0.1","err":null,"header":{"Accept":["text/html,application/xhtml+xml,application/xml;q=0.9,image/avif,image/webp,image/apng,*/*;q=0.8,application/signed-exchange;v=b3;q=0.9"],"Accept-Encoding":["gzip, deflate, br"],"Accept-Language":["zh-CN,zh;q=0.9,en-US;q=0.8,en;q=0.7"],"Cache-Control":["max-age=0"],"Connection":["keep-alive"],"Cookie":["csrftoken=luB26W1mfni5UQ87iwiN9v2bLkLHWptrh1QuCJ4FR3nZEvsBprWoaPPx3oKCH5S2"],"Sec-Fetch-Dest":["document"],"Sec-Fetch-Mode":["navigate"],"Sec-Fetch-Site":["none"],"Sec-Fetch-User":["?1"],"Upgrade-Insecure-Requests":["1"],"User-Agent":["Mozilla/5.0 (Windows NT 10.0; Win64; x64) AppleWebKit/537.36 (KHTML, like Gecko) Chrome/89.0.4381.7 Safari/537.36 FS"]},"latency_Time":0,"level":"info","msg":"","proto":"HTTP/1.1","reMethod":"GET","reqUri":"/","status_code":404,"time":"2021-02-02 00:56:15"}
{"level":"info","msg":"Shutdown Server ...","time":"2021-02-02 00:56:37"}
{"level":"info","msg":"Server exiting","time":"2021-02-02 00:56:37"}
{"level":"info","msg":"mysql connect success","time":"2021-02-02 19:45:41"}
{"level":"info","msg":"Shutdown Server ...","time":"2021-02-02 21:33:18"}
{"level":"info","msg":"Server exiting","time":"2021-02-02 21:33:18"}
{"level":"info","msg":"mysql connect success","time":"2021-02-02 21:58:01"}
{"level":"info","msg":"Shutdown Server ...","time":"2021-02-02 22:05:46"}
{"level":"info","msg":"Server exiting","time":"2021-02-02 22:05:46"}
{"level":"info","msg":"mysql connect success","time":"2021-02-02 22:05:49"}
{"body":"","clientIP":"::1","err":null,"header":{"Accept":["text/html,application/xhtml+xml,application/xml;q=0.9,image/avif,image/webp,image/apng,*/*;q=0.8,application/signed-exchange;v=b3;q=0.9"],"Accept-Encoding":["gzip, deflate, br"],"Accept-Language":["zh-CN,zh;q=0.9,en-US;q=0.8,en;q=0.7"],"Cache-Control":["no-cache"],"Connection":["keep-alive"],"Cookie":["Goland-b4a5793=d841defa-8a63-4704-bd1f-db13581f05de"],"Pragma":["no-cache"],"Sec-Fetch-Dest":["document"],"Sec-Fetch-Mode":["navigate"],"Sec-Fetch-Site":["same-origin"],"Sec-Fetch-User":["?1"],"Upgrade-Insecure-Requests":["1"],"User-Agent":["Mozilla/5.0 (Windows NT 10.0; Win64; x64) AppleWebKit/537.36 (KHTML, like Gecko) Chrome/89.0.4381.7 Safari/537.36 FS"]},"latency_Time":0,"level":"info","msg":"","proto":"HTTP/1.1","reMethod":"GET","reqUri":"/","status_code":404,"time":"2021-02-02 22:05:54"}
{"body":"","clientIP":"::1","err":null,"header":{"Accept":["image/avif,image/webp,image/apng,image/svg+xml,image/*,*/*;q=0.8"],"Accept-Encoding":["gzip, deflate, br"],"Accept-Language":["zh-CN,zh;q=0.9,en-US;q=0.8,en;q=0.7"],"Cache-Control":["no-cache"],"Connection":["keep-alive"],"Cookie":["Goland-b4a5793=d841defa-8a63-4704-bd1f-db13581f05de"],"Pragma":["no-cache"],"Referer":["http://localhost:9528/"],"Sec-Fetch-Dest":["image"],"Sec-Fetch-Mode":["no-cors"],"Sec-Fetch-Site":["same-origin"],"User-Agent":["Mozilla/5.0 (Windows NT 10.0; Win64; x64) AppleWebKit/537.36 (KHTML, like Gecko) Chrome/89.0.4381.7 Safari/537.36 FS"]},"latency_Time":0,"level":"info","msg":"","proto":"HTTP/1.1","reMethod":"GET","reqUri":"/favicon.ico","status_code":404,"time":"2021-02-02 22:05:54"}
{"body":"","clientIP":"::1","err":null,"header":{"Accept":["text/html,application/xhtml+xml,application/xml;q=0.9,image/avif,image/webp,image/apng,*/*;q=0.8,application/signed-exchange;v=b3;q=0.9"],"Accept-Encoding":["gzip, deflate, br"],"Accept-Language":["zh-CN,zh;q=0.9,en-US;q=0.8,en;q=0.7"],"Cache-Control":["no-cache"],"Connection":["keep-alive"],"Cookie":["Goland-b4a5793=d841defa-8a63-4704-bd1f-db13581f05de"],"Pragma":["no-cache"],"Sec-Fetch-Dest":["document"],"Sec-Fetch-Mode":["navigate"],"Sec-Fetch-Site":["same-origin"],"Sec-Fetch-User":["?1"],"Upgrade-Insecure-Requests":["1"],"User-Agent":["Mozilla/5.0 (Windows NT 10.0; Win64; x64) AppleWebKit/537.36 (KHTML, like Gecko) Chrome/89.0.4381.7 Safari/537.36 FS"]},"latency_Time":0,"level":"info","msg":"","proto":"HTTP/1.1","reMethod":"GET","reqUri":"/","status_code":404,"time":"2021-02-02 22:05:56"}
{"body":"","clientIP":"::1","err":null,"header":{"Accept":["text/html,application/xhtml+xml,application/xml;q=0.9,image/avif,image/webp,image/apng,*/*;q=0.8,application/signed-exchange;v=b3;q=0.9"],"Accept-Encoding":["gzip, deflate, br"],"Accept-Language":["zh-CN,zh;q=0.9,en-US;q=0.8,en;q=0.7"],"Cache-Control":["no-cache"],"Connection":["keep-alive"],"Cookie":["Goland-b4a5793=d841defa-8a63-4704-bd1f-db13581f05de"],"Pragma":["no-cache"],"Sec-Fetch-Dest":["document"],"Sec-Fetch-Mode":["navigate"],"Sec-Fetch-Site":["same-origin"],"Sec-Fetch-User":["?1"],"Upgrade-Insecure-Requests":["1"],"User-Agent":["Mozilla/5.0 (Windows NT 10.0; Win64; x64) AppleWebKit/537.36 (KHTML, like Gecko) Chrome/89.0.4381.7 Safari/537.36 FS"]},"latency_Time":0,"level":"info","msg":"","proto":"HTTP/1.1","reMethod":"GET","reqUri":"/","status_code":404,"time":"2021-02-02 22:05:56"}
{"body":"","clientIP":"::1","err":null,"header":{"Accept":["text/html,application/xhtml+xml,application/xml;q=0.9,image/avif,image/webp,image/apng,*/*;q=0.8,application/signed-exchange;v=b3;q=0.9"],"Accept-Encoding":["gzip, deflate, br"],"Accept-Language":["zh-CN,zh;q=0.9,en-US;q=0.8,en;q=0.7"],"Cache-Control":["no-cache"],"Connection":["keep-alive"],"Cookie":["Goland-b4a5793=d841defa-8a63-4704-bd1f-db13581f05de"],"Pragma":["no-cache"],"Sec-Fetch-Dest":["document"],"Sec-Fetch-Mode":["navigate"],"Sec-Fetch-Site":["same-origin"],"Sec-Fetch-User":["?1"],"Upgrade-Insecure-Requests":["1"],"User-Agent":["Mozilla/5.0 (Windows NT 10.0; Win64; x64) AppleWebKit/537.36 (KHTML, like Gecko) Chrome/89.0.4381.7 Safari/537.36 FS"]},"latency_Time":0,"level":"info","msg":"","proto":"HTTP/1.1","reMethod":"GET","reqUri":"/","status_code":404,"time":"2021-02-02 22:05:59"}
{"level":"info","msg":"Shutdown Server ...","time":"2021-02-02 22:06:35"}
{"level":"info","msg":"Server exiting","time":"2021-02-02 22:06:35"}
{"level":"info","msg":"mysql connect success","time":"2021-02-02 22:06:38"}
{"body":"","clientIP":"::1","err":null,"header":{"Accept":["text/html,application/xhtml+xml,application/xml;q=0.9,image/avif,image/webp,image/apng,*/*;q=0.8,application/signed-exchange;v=b3;q=0.9"],"Accept-Encoding":["gzip, deflate, br"],"Accept-Language":["zh-CN,zh;q=0.9,en-US;q=0.8,en;q=0.7"],"Cache-Control":["max-age=0"],"Connection":["keep-alive"],"Cookie":["Goland-b4a5793=d841defa-8a63-4704-bd1f-db13581f05de"],"Sec-Fetch-Dest":["document"],"Sec-Fetch-Mode":["navigate"],"Sec-Fetch-Site":["none"],"Sec-Fetch-User":["?1"],"Upgrade-Insecure-Requests":["1"],"User-Agent":["Mozilla/5.0 (Windows NT 10.0; Win64; x64) AppleWebKit/537.36 (KHTML, like Gecko) Chrome/89.0.4381.7 Safari/537.36 FS"]},"latency_Time":0,"level":"info","msg":"","proto":"HTTP/1.1","reMethod":"GET","reqUri":"/","status_code":404,"time":"2021-02-02 22:06:44"}
{"body":"","clientIP":"::1","err":null,"header":{"Accept":["image/avif,image/webp,image/apng,image/svg+xml,image/*,*/*;q=0.8"],"Accept-Encoding":["gzip, deflate, br"],"Accept-Language":["zh-CN,zh;q=0.9,en-US;q=0.8,en;q=0.7"],"Cache-Control":["no-cache"],"Connection":["keep-alive"],"Cookie":["Goland-b4a5793=d841defa-8a63-4704-bd1f-db13581f05de"],"Pragma":["no-cache"],"Referer":["http://localhost:9526/"],"Sec-Fetch-Dest":["image"],"Sec-Fetch-Mode":["no-cors"],"Sec-Fetch-Site":["same-origin"],"User-Agent":["Mozilla/5.0 (Windows NT 10.0; Win64; x64) AppleWebKit/537.36 (KHTML, like Gecko) Chrome/89.0.4381.7 Safari/537.36 FS"]},"latency_Time":0,"level":"info","msg":"","proto":"HTTP/1.1","reMethod":"GET","reqUri":"/favicon.ico","status_code":404,"time":"2021-02-02 22:06:44"}
{"body":"","clientIP":"::1","err":null,"header":{"Accept":["text/html,application/xhtml+xml,application/xml;q=0.9,image/avif,image/webp,image/apng,*/*;q=0.8,application/signed-exchange;v=b3;q=0.9"],"Accept-Encoding":["gzip, deflate, br"],"Accept-Language":["zh-CN,zh;q=0.9,en-US;q=0.8,en;q=0.7"],"Cache-Control":["max-age=0"],"Connection":["keep-alive"],"Cookie":["Goland-b4a5793=d841defa-8a63-4704-bd1f-db13581f05de"],"Sec-Fetch-Dest":["document"],"Sec-Fetch-Mode":["navigate"],"Sec-Fetch-Site":["none"],"Sec-Fetch-User":["?1"],"Upgrade-Insecure-Requests":["1"],"User-Agent":["Mozilla/5.0 (Windows NT 10.0; Win64; x64) AppleWebKit/537.36 (KHTML, like Gecko) Chrome/89.0.4381.7 Safari/537.36 FS"]},"latency_Time":0,"level":"info","msg":"","proto":"HTTP/1.1","reMethod":"GET","reqUri":"/","status_code":404,"time":"2021-02-02 22:06:49"}
{"body":"eyJwYWdlIjoxLCJzaXplIjoxMH0=","clientIP":"127.0.0.1","err":null,"header":{"Accept":["application/json, text/plain, */*"],"Accept-Encoding":["gzip, deflate, br"],"Accept-Language":["zh-CN,zh;q=0.9,en-US;q=0.8,en;q=0.7"],"Connection":["close"],"Content-Length":["20"],"Content-Type":["application/json;charset=UTF-8"],"Cookie":["Goland-b4a5793=d841defa-8a63-4704-bd1f-db13581f05de"],"Origin":["http://localhost:9528"],"Referer":["http://localhost:9528/"],"Sec-Fetch-Dest":["empty"],"Sec-Fetch-Mode":["cors"],"Sec-Fetch-Site":["same-origin"],"User-Agent":["Mozilla/5.0 (Windows NT 10.0; Win64; x64) AppleWebKit/537.36 (KHTML, like Gecko) Chrome/89.0.4381.7 Safari/537.36 FS"]},"latency_Time":0,"level":"info","msg":"","proto":"HTTP/1.1","reMethod":"POST","reqUri":"/blog/list","status_code":404,"time":"2021-02-02 22:07:18"}
{"body":"","clientIP":"127.0.0.1","err":null,"header":{"Accept":["application/json, text/plain, */*"],"Accept-Encoding":["gzip, deflate, br"],"Accept-Language":["zh-CN,zh;q=0.9,en-US;q=0.8,en;q=0.7"],"Connection":["close"],"Content-Length":["0"],"Cookie":["Goland-b4a5793=d841defa-8a63-4704-bd1f-db13581f05de"],"Origin":["http://localhost:9528"],"Referer":["http://localhost:9528/"],"Sec-Fetch-Dest":["empty"],"Sec-Fetch-Mode":["cors"],"Sec-Fetch-Site":["same-origin"],"User-Agent":["Mozilla/5.0 (Windows NT 10.0; Win64; x64) AppleWebKit/537.36 (KHTML, like Gecko) Chrome/89.0.4381.7 Safari/537.36 FS"]},"latency_Time":0,"level":"info","msg":"","proto":"HTTP/1.1","reMethod":"POST","reqUri":"/blog/type","status_code":404,"time":"2021-02-02 22:07:18"}
{"level":"info","msg":"logE:/Go/src/blog/blog_api/service/blogger.go:18Error 1146: Table 'go_blog.bloggers' doesn't exist","time":"2021-02-02 22:07:18"}
{"level":"info","msg":"sqlE:/Go/src/blog/blog_api/service/blogger.go:18997.3µsSELECT * FROM `bloggers`  WHERE (id = 1) ORDER BY `bloggers`.`id` ASC LIMIT 1[] 0","time":"2021-02-02 22:07:18"}
{"body":"","clientIP":"127.0.0.1","err":null,"header":{"Accept":["application/json, text/plain, */*"],"Accept-Encoding":["gzip, deflate, br"],"Accept-Language":["zh-CN,zh;q=0.9,en-US;q=0.8,en;q=0.7"],"Connection":["close"],"Content-Length":["0"],"Cookie":["Goland-b4a5793=d841defa-8a63-4704-bd1f-db13581f05de"],"Origin":["http://localhost:9528"],"Referer":["http://localhost:9528/"],"Sec-Fetch-Dest":["empty"],"Sec-Fetch-Mode":["cors"],"Sec-Fetch-Site":["same-origin"],"User-Agent":["Mozilla/5.0 (Windows NT 10.0; Win64; x64) AppleWebKit/537.36 (KHTML, like Gecko) Chrome/89.0.4381.7 Safari/537.36 FS"]},"latency_Time":1,"level":"info","msg":"","proto":"HTTP/1.1","reMethod":"POST","reqUri":"/blogger","status_code":200,"time":"2021-02-02 22:07:18"}
{"body":"","clientIP":"127.0.0.1","err":null,"header":{"Accept":["image/avif,image/webp,image/apng,image/svg+xml,image/*,*/*;q=0.8"],"Accept-Encoding":["gzip, deflate, br"],"Accept-Language":["zh-CN,zh;q=0.9,en-US;q=0.8,en;q=0.7"],"Connection":["close"],"Cookie":["Goland-b4a5793=d841defa-8a63-4704-bd1f-db13581f05de"],"Referer":["http://localhost:9528/"],"Sec-Fetch-Dest":["image"],"Sec-Fetch-Mode":["no-cors"],"Sec-Fetch-Site":["same-origin"],"User-Agent":["Mozilla/5.0 (Windows NT 10.0; Win64; x64) AppleWebKit/537.36 (KHTML, like Gecko) Chrome/89.0.4381.7 Safari/537.36 FS"]},"latency_Time":0,"level":"info","msg":"","proto":"HTTP/1.1","reMethod":"GET","reqUri":"/","status_code":404,"time":"2021-02-02 22:07:18"}
{"body":"","clientIP":"127.0.0.1","err":null,"header":{"Accept":["text/html,application/xhtml+xml,application/xml;q=0.9,image/avif,image/webp,image/apng,*/*;q=0.8,application/signed-exchange;v=b3;q=0.9"],"Accept-Encoding":["gzip, deflate, br"],"Accept-Language":["zh-CN,zh;q=0.9,en-US;q=0.8,en;q=0.7"],"Connection":["keep-alive"],"Cookie":["csrftoken=luB26W1mfni5UQ87iwiN9v2bLkLHWptrh1QuCJ4FR3nZEvsBprWoaPPx3oKCH5S2"],"Sec-Fetch-Dest":["document"],"Sec-Fetch-Mode":["navigate"],"Sec-Fetch-Site":["none"],"Sec-Fetch-User":["?1"],"Upgrade-Insecure-Requests":["1"],"User-Agent":["Mozilla/5.0 (Windows NT 10.0; Win64; x64) AppleWebKit/537.36 (KHTML, like Gecko) Chrome/89.0.4381.7 Safari/537.36 FS"]},"latency_Time":0,"level":"info","msg":"","proto":"HTTP/1.1","reMethod":"GET","reqUri":"/","status_code":404,"time":"2021-02-02 22:08:37"}
{"body":"","clientIP":"127.0.0.1","err":null,"header":{"Accept":["image/avif,image/webp,image/apng,image/svg+xml,image/*,*/*;q=0.8"],"Accept-Encoding":["gzip, deflate, br"],"Accept-Language":["zh-CN,zh;q=0.9,en-US;q=0.8,en;q=0.7"],"Connection":["keep-alive"],"Cookie":["csrftoken=luB26W1mfni5UQ87iwiN9v2bLkLHWptrh1QuCJ4FR3nZEvsBprWoaPPx3oKCH5S2"],"Referer":["http://127.0.0.1:9526/"],"Sec-Fetch-Dest":["image"],"Sec-Fetch-Mode":["no-cors"],"Sec-Fetch-Site":["same-origin"],"User-Agent":["Mozilla/5.0 (Windows NT 10.0; Win64; x64) AppleWebKit/537.36 (KHTML, like Gecko) Chrome/89.0.4381.7 Safari/537.36 FS"]},"latency_Time":0,"level":"info","msg":"","proto":"HTTP/1.1","reMethod":"GET","reqUri":"/favicon.ico","status_code":404,"time":"2021-02-02 22:08:37"}
{"body":"eyJwYWdlIjoxLCJzaXplIjoxMH0=","clientIP":"127.0.0.1","err":null,"header":{"Accept":["application/json, text/plain, */*"],"Accept-Encoding":["gzip, deflate, br"],"Accept-Language":["zh-CN,zh;q=0.9,en-US;q=0.8,en;q=0.7"],"Connection":["close"],"Content-Length":["20"],"Content-Type":["application/json;charset=UTF-8"],"Cookie":["Goland-b4a5793=d841defa-8a63-4704-bd1f-db13581f05de"],"Origin":["http://localhost:9528"],"Referer":["http://localhost:9528/"],"Sec-Fetch-Dest":["empty"],"Sec-Fetch-Mode":["cors"],"Sec-Fetch-Site":["same-origin"],"User-Agent":["Mozilla/5.0 (Windows NT 10.0; Win64; x64) AppleWebKit/537.36 (KHTML, like Gecko) Chrome/89.0.4381.7 Safari/537.36 FS"]},"latency_Time":0,"level":"info","msg":"","proto":"HTTP/1.1","reMethod":"POST","reqUri":"/blog/list","status_code":404,"time":"2021-02-02 22:09:36"}
{"body":"","clientIP":"127.0.0.1","err":null,"header":{"Accept":["application/json, text/plain, */*"],"Accept-Encoding":["gzip, deflate, br"],"Accept-Language":["zh-CN,zh;q=0.9,en-US;q=0.8,en;q=0.7"],"Connection":["close"],"Content-Length":["0"],"Cookie":["Goland-b4a5793=d841defa-8a63-4704-bd1f-db13581f05de"],"Origin":["http://localhost:9528"],"Referer":["http://localhost:9528/"],"Sec-Fetch-Dest":["empty"],"Sec-Fetch-Mode":["cors"],"Sec-Fetch-Site":["same-origin"],"User-Agent":["Mozilla/5.0 (Windows NT 10.0; Win64; x64) AppleWebKit/537.36 (KHTML, like Gecko) Chrome/89.0.4381.7 Safari/537.36 FS"]},"latency_Time":0,"level":"info","msg":"","proto":"HTTP/1.1","reMethod":"POST","reqUri":"/blog/type","status_code":404,"time":"2021-02-02 22:09:36"}
{"level":"info","msg":"logE:/Go/src/blog/blog_api/service/blogger.go:18Error 1146: Table 'go_blog.bloggers' doesn't exist","time":"2021-02-02 22:09:36"}
{"level":"info","msg":"sqlE:/Go/src/blog/blog_api/service/blogger.go:181.9953msSELECT * FROM `bloggers`  WHERE (id = 1) ORDER BY `bloggers`.`id` ASC LIMIT 1[] 0","time":"2021-02-02 22:09:36"}
{"body":"","clientIP":"127.0.0.1","err":null,"header":{"Accept":["application/json, text/plain, */*"],"Accept-Encoding":["gzip, deflate, br"],"Accept-Language":["zh-CN,zh;q=0.9,en-US;q=0.8,en;q=0.7"],"Connection":["close"],"Content-Length":["0"],"Cookie":["Goland-b4a5793=d841defa-8a63-4704-bd1f-db13581f05de"],"Origin":["http://localhost:9528"],"Referer":["http://localhost:9528/"],"Sec-Fetch-Dest":["empty"],"Sec-Fetch-Mode":["cors"],"Sec-Fetch-Site":["same-origin"],"User-Agent":["Mozilla/5.0 (Windows NT 10.0; Win64; x64) AppleWebKit/537.36 (KHTML, like Gecko) Chrome/89.0.4381.7 Safari/537.36 FS"]},"latency_Time":1,"level":"info","msg":"","proto":"HTTP/1.1","reMethod":"POST","reqUri":"/blogger","status_code":200,"time":"2021-02-02 22:09:36"}
{"body":"","clientIP":"127.0.0.1","err":null,"header":{"Accept":["image/avif,image/webp,image/apng,image/svg+xml,image/*,*/*;q=0.8"],"Accept-Encoding":["gzip, deflate, br"],"Accept-Language":["zh-CN,zh;q=0.9,en-US;q=0.8,en;q=0.7"],"Connection":["close"],"Cookie":["Goland-b4a5793=d841defa-8a63-4704-bd1f-db13581f05de"],"Referer":["http://localhost:9528/"],"Sec-Fetch-Dest":["image"],"Sec-Fetch-Mode":["no-cors"],"Sec-Fetch-Site":["same-origin"],"User-Agent":["Mozilla/5.0 (Windows NT 10.0; Win64; x64) AppleWebKit/537.36 (KHTML, like Gecko) Chrome/89.0.4381.7 Safari/537.36 FS"]},"latency_Time":0,"level":"info","msg":"","proto":"HTTP/1.1","reMethod":"GET","reqUri":"/","status_code":404,"time":"2021-02-02 22:09:36"}
{"level":"info","msg":"logE:/Go/src/blog/blog_api/service/blogger.go:18Error 1146: Table 'go_blog.bloggers' doesn't exist","time":"2021-02-02 22:10:46"}
{"level":"info","msg":"sqlE:/Go/src/blog/blog_api/service/blogger.go:18995.2µsSELECT * FROM `bloggers`  WHERE (id = 1) ORDER BY `bloggers`.`id` ASC LIMIT 1[] 0","time":"2021-02-02 22:10:46"}
{"body":"LS0tLS0tLS0tLS0tLS0tLS0tLS0tLS0tLS0tLTAwNjA1NzYwNzY5MzY0MTgyNTY0NDEwMw0KQ29udGVudC1EaXNwb3NpdGlvbjogZm9ybS1kYXRhOyBuYW1lPSJ1c2VybmFtZSINCg0KbmFtZQ0KLS0tLS0tLS0tLS0tLS0tLS0tLS0tLS0tLS0tLTAwNjA1NzYwNzY5MzY0MTgyNTY0NDEwMw0KQ29udGVudC1EaXNwb3NpdGlvbjogZm9ybS1kYXRhOyBuYW1lPSJwYXNzd29yZCINCg0KcGFzcw0KLS0tLS0tLS0tLS0tLS0tLS0tLS0tLS0tLS0tLTAwNjA1NzYwNzY5MzY0MTgyNTY0NDEwMy0tDQo=","clientIP":"::1","err":null,"header":{"Accept":["*/*"],"Accept-Encoding":["gzip, deflate, br"],"Cache-Control":["no-cache"],"Connection":["keep-alive"],"Content-Length":["278"],"Content-Type":["multipart/form-data; boundary=--------------------------006057607693641825644103"],"Passowrd":["pass"],"Postman-Token":["2425dc70-d1ef-49a2-aecb-57c420dba7a4"],"User-Agent":["PostmanRuntime/7.26.8"],"Username":["name"]},"latency_Time":0,"level":"info","msg":"","proto":"HTTP/1.1","reMethod":"POST","reqUri":"/blogger","status_code":200,"time":"2021-02-02 22:10:46"}
{"level":"info","msg":"Shutdown Server ...","time":"2021-02-02 22:11:05"}
{"level":"info","msg":"Server exiting","time":"2021-02-02 22:11:05"}
{"level":"info","msg":"mysql connect success","time":"2021-02-02 22:11:09"}
{"level":"info","msg":"logE:/Go/src/blog/blog_api/service/blogger.go:18Error 1146: Table 'go_blog.bloggers' doesn't exist","time":"2021-02-02 22:11:10"}
{"level":"info","msg":"sqlE:/Go/src/blog/blog_api/service/blogger.go:18997.3µsSELECT * FROM `bloggers`  WHERE (id = 1) ORDER BY `bloggers`.`id` ASC LIMIT 1[] 0","time":"2021-02-02 22:11:10"}
{"body":"LS0tLS0tLS0tLS0tLS0tLS0tLS0tLS0tLS0tLTQzNTEwNjg4MzYzODcyMTk3NzkxNjY0OQ0KQ29udGVudC1EaXNwb3NpdGlvbjogZm9ybS1kYXRhOyBuYW1lPSJ1c2VybmFtZSINCg0KbmFtZQ0KLS0tLS0tLS0tLS0tLS0tLS0tLS0tLS0tLS0tLTQzNTEwNjg4MzYzODcyMTk3NzkxNjY0OQ0KQ29udGVudC1EaXNwb3NpdGlvbjogZm9ybS1kYXRhOyBuYW1lPSJwYXNzd29yZCINCg0KcGFzcw0KLS0tLS0tLS0tLS0tLS0tLS0tLS0tLS0tLS0tLTQzNTEwNjg4MzYzODcyMTk3NzkxNjY0OS0tDQo=","clientIP":"::1","err":null,"header":{"Accept":["*/*"],"Accept-Encoding":["gzip, deflate, br"],"Cache-Control":["no-cache"],"Connection":["keep-alive"],"Content-Length":["278"],"Content-Type":["multipart/form-data; boundary=--------------------------435106883638721977916649"],"Passowrd":["pass"],"Postman-Token":["38dc649b-1dd2-4a77-905d-443ed622836e"],"User-Agent":["PostmanRuntime/7.26.8"],"Username":["name"]},"latency_Time":0,"level":"info","msg":"","proto":"HTTP/1.1","reMethod":"POST","reqUri":"/blogger","status_code":200,"time":"2021-02-02 22:11:10"}
{"level":"info","msg":"Shutdown Server ...","time":"2021-02-02 22:12:12"}
{"level":"info","msg":"Server exiting","time":"2021-02-02 22:12:12"}
{"level":"info","msg":"mysql connect success","time":"2021-02-02 22:12:17"}
{"level":"info","msg":"logE:/Go/src/blog/blog_api/service/blogger.go:18Error 1146: Table 'go_blog.bloggers' doesn't exist","time":"2021-02-02 22:12:18"}
{"level":"info","msg":"sqlE:/Go/src/blog/blog_api/service/blogger.go:181.9956msSELECT * FROM `bloggers`  WHERE (id = 1) ORDER BY `bloggers`.`id` ASC LIMIT 1[] 0","time":"2021-02-02 22:12:18"}
{"body":"LS0tLS0tLS0tLS0tLS0tLS0tLS0tLS0tLS0tLTg4MzkyNjMyMzQ3MDcxODYxNzMxMTg0NA0KQ29udGVudC1EaXNwb3NpdGlvbjogZm9ybS1kYXRhOyBuYW1lPSJ1c2VybmFtZSINCg0KbmFtZQ0KLS0tLS0tLS0tLS0tLS0tLS0tLS0tLS0tLS0tLTg4MzkyNjMyMzQ3MDcxODYxNzMxMTg0NA0KQ29udGVudC1EaXNwb3NpdGlvbjogZm9ybS1kYXRhOyBuYW1lPSJwYXNzd29yZCINCg0KcGFzcw0KLS0tLS0tLS0tLS0tLS0tLS0tLS0tLS0tLS0tLTg4MzkyNjMyMzQ3MDcxODYxNzMxMTg0NC0tDQo=","clientIP":"::1","err":null,"header":{"Accept":["*/*"],"Accept-Encoding":["gzip, deflate, br"],"Cache-Control":["no-cache"],"Connection":["keep-alive"],"Content-Length":["278"],"Content-Type":["multipart/form-data; boundary=--------------------------883926323470718617311844"],"Passowrd":["pass"],"Postman-Token":["0c7af848-fce0-460c-a02a-5a8f255181bc"],"User-Agent":["PostmanRuntime/7.26.8"],"Username":["name"]},"latency_Time":1,"level":"info","msg":"","proto":"HTTP/1.1","reMethod":"POST","reqUri":"/blogger","status_code":200,"time":"2021-02-02 22:12:18"}
{"level":"info","msg":"logE:/Go/src/blog/blog_api/service/blogger.go:18Error 1146: Table 'go_blog.bloggers' doesn't exist","time":"2021-02-02 22:12:25"}
{"level":"info","msg":"sqlE:/Go/src/blog/blog_api/service/blogger.go:18997.2µsSELECT * FROM `bloggers`  WHERE (id = 1) ORDER BY `bloggers`.`id` ASC LIMIT 1[] 0","time":"2021-02-02 22:12:25"}
{"body":"LS0tLS0tLS0tLS0tLS0tLS0tLS0tLS0tLS0tLTEzNDk5ODg1MTk1ODk3ODIxNjQ1MTMwNg0KQ29udGVudC1EaXNwb3NpdGlvbjogZm9ybS1kYXRhOyBuYW1lPSJ1c2VybmFtZSINCg0KbmFtZQ0KLS0tLS0tLS0tLS0tLS0tLS0tLS0tLS0tLS0tLTEzNDk5ODg1MTk1ODk3ODIxNjQ1MTMwNg0KQ29udGVudC1EaXNwb3NpdGlvbjogZm9ybS1kYXRhOyBuYW1lPSJwYXNzd29yZCINCg0KcGFzcw0KLS0tLS0tLS0tLS0tLS0tLS0tLS0tLS0tLS0tLTEzNDk5ODg1MTk1ODk3ODIxNjQ1MTMwNi0tDQo=","clientIP":"::1","err":null,"header":{"Accept":["*/*"],"Accept-Encoding":["gzip, deflate, br"],"Cache-Control":["no-cache"],"Connection":["keep-alive"],"Content-Length":["278"],"Content-Type":["multipart/form-data; boundary=--------------------------134998851958978216451306"],"Passowrd":["pass"],"Postman-Token":["ecddb914-a120-4385-bcd8-24cccd6819b7"],"User-Agent":["PostmanRuntime/7.26.8"],"Username":["name"]},"latency_Time":0,"level":"info","msg":"","proto":"HTTP/1.1","reMethod":"POST","reqUri":"/blogger","status_code":200,"time":"2021-02-02 22:12:25"}
{"level":"info","msg":"Shutdown Server ...","time":"2021-02-02 22:12:38"}
{"level":"info","msg":"Server exiting","time":"2021-02-02 22:12:38"}
{"level":"info","msg":"mysql connect success","time":"2021-02-02 22:12:41"}
{"level":"info","msg":"logE:/Go/src/blog/blog_api/service/blogger.go:18Error 1146: Table 'go_blog.bloggers' doesn't exist","time":"2021-02-02 22:12:42"}
{"level":"info","msg":"sqlE:/Go/src/blog/blog_api/service/blogger.go:18997.3µsSELECT * FROM `bloggers`  WHERE (id = 1) ORDER BY `bloggers`.`id` ASC LIMIT 1[] 0","time":"2021-02-02 22:12:42"}
{"body":"LS0tLS0tLS0tLS0tLS0tLS0tLS0tLS0tLS0tLTczMDAzNjA2OTUxMjA5OTAyNzg5NDMyMw0KQ29udGVudC1EaXNwb3NpdGlvbjogZm9ybS1kYXRhOyBuYW1lPSJ1c2VybmFtZSINCg0KbmFtZQ0KLS0tLS0tLS0tLS0tLS0tLS0tLS0tLS0tLS0tLTczMDAzNjA2OTUxMjA5OTAyNzg5NDMyMw0KQ29udGVudC1EaXNwb3NpdGlvbjogZm9ybS1kYXRhOyBuYW1lPSJwYXNzd29yZCINCg0KcGFzcw0KLS0tLS0tLS0tLS0tLS0tLS0tLS0tLS0tLS0tLTczMDAzNjA2OTUxMjA5OTAyNzg5NDMyMy0tDQo=","clientIP":"::1","err":null,"header":{"Accept":["*/*"],"Accept-Encoding":["gzip, deflate, br"],"Cache-Control":["no-cache"],"Connection":["keep-alive"],"Content-Length":["278"],"Content-Type":["multipart/form-data; boundary=--------------------------730036069512099027894323"],"Passowrd":["pass"],"Postman-Token":["0f22c2b4-8bcb-470b-aca3-962528437a1c"],"User-Agent":["PostmanRuntime/7.26.8"],"Username":["name"]},"latency_Time":0,"level":"info","msg":"","proto":"HTTP/1.1","reMethod":"POST","reqUri":"/blogger","status_code":200,"time":"2021-02-02 22:12:42"}
{"level":"info","msg":"Shutdown Server ...","time":"2021-02-02 22:14:16"}
{"level":"info","msg":"Server exiting","time":"2021-02-02 22:14:16"}
{"level":"info","msg":"mysql connect success","time":"2021-02-02 22:14:40"}
{"level":"info","msg":"logE:/Go/src/blog/blog_api/service/blogger.go:18Error 1146: Table 'go_blog.bloggers' doesn't exist","time":"2021-02-02 22:14:44"}
{"level":"info","msg":"sqlE:/Go/src/blog/blog_api/service/blogger.go:181.9952msSELECT * FROM `bloggers`  WHERE (id = 1) ORDER BY `bloggers`.`id` ASC LIMIT 1[] 0","time":"2021-02-02 22:14:44"}
{"body":"LS0tLS0tLS0tLS0tLS0tLS0tLS0tLS0tLS0tLTEyNzQ1MzE4MDQwNzI2ODk4NTEyNjk0OQ0KQ29udGVudC1EaXNwb3NpdGlvbjogZm9ybS1kYXRhOyBuYW1lPSJ1c2VybmFtZSINCg0KbmFtZQ0KLS0tLS0tLS0tLS0tLS0tLS0tLS0tLS0tLS0tLTEyNzQ1MzE4MDQwNzI2ODk4NTEyNjk0OQ0KQ29udGVudC1EaXNwb3NpdGlvbjogZm9ybS1kYXRhOyBuYW1lPSJwYXNzd29yZCINCg0KcGFzcw0KLS0tLS0tLS0tLS0tLS0tLS0tLS0tLS0tLS0tLTEyNzQ1MzE4MDQwNzI2ODk4NTEyNjk0OS0tDQo=","clientIP":"::1","err":null,"header":{"Accept":["*/*"],"Accept-Encoding":["gzip, deflate, br"],"Cache-Control":["no-cache"],"Connection":["keep-alive"],"Content-Length":["278"],"Content-Type":["multipart/form-data; boundary=--------------------------127453180407268985126949"],"Passowrd":["pass"],"Postman-Token":["3d7d74af-c50b-4fd4-8dce-81dea3606ce8"],"User-Agent":["PostmanRuntime/7.26.8"],"Username":["name"]},"latency_Time":1,"level":"info","msg":"","proto":"HTTP/1.1","reMethod":"POST","reqUri":"/blogger","status_code":200,"time":"2021-02-02 22:14:44"}
{"level":"info","msg":"Shutdown Server ...","time":"2021-02-02 22:19:35"}
{"level":"fatal","msg":"listen::9526\n","time":"2021-02-02 22:19:35"}
{"level":"info","msg":"mysql connect success","time":"2021-02-02 22:19:38"}
{"level":"info","msg":"logE:/Go/src/blog/blog_api/service/blogger.go:18Error 1146: Table 'go_blog.bloggers' doesn't exist","time":"2021-02-02 22:19:40"}
{"level":"info","msg":"sqlE:/Go/src/blog/blog_api/service/blogger.go:18996.3µsSELECT * FROM `bloggers`  WHERE (id = 1) ORDER BY `bloggers`.`id` ASC LIMIT 1[] 0","time":"2021-02-02 22:19:40"}
{"body":"LS0tLS0tLS0tLS0tLS0tLS0tLS0tLS0tLS0tLTMxMjU3ODM4OTU4NjIwNjUzNTQ2MjQ1Ng0KQ29udGVudC1EaXNwb3NpdGlvbjogZm9ybS1kYXRhOyBuYW1lPSJ1c2VybmFtZSINCg0KbmFtZQ0KLS0tLS0tLS0tLS0tLS0tLS0tLS0tLS0tLS0tLTMxMjU3ODM4OTU4NjIwNjUzNTQ2MjQ1Ng0KQ29udGVudC1EaXNwb3NpdGlvbjogZm9ybS1kYXRhOyBuYW1lPSJwYXNzd29yZCINCg0KcGFzcw0KLS0tLS0tLS0tLS0tLS0tLS0tLS0tLS0tLS0tLTMxMjU3ODM4OTU4NjIwNjUzNTQ2MjQ1Ni0tDQo=","clientIP":"::1","err":null,"header":{"Accept":["*/*"],"Accept-Encoding":["gzip, deflate, br"],"Cache-Control":["no-cache"],"Connection":["keep-alive"],"Content-Length":["278"],"Content-Type":["multipart/form-data; boundary=--------------------------312578389586206535462456"],"Passowrd":["pass"],"Postman-Token":["b455f9c5-f80a-435c-b66d-6257967c5607"],"User-Agent":["PostmanRuntime/7.26.8"],"Username":["name"]},"latency_Time":0,"level":"info","msg":"","proto":"HTTP/1.1","reMethod":"POST","reqUri":"/blogger","status_code":200,"time":"2021-02-02 22:19:40"}
{"level":"info","msg":"Shutdown Server ...","time":"2021-02-02 22:20:58"}
{"level":"info","msg":"Server exiting","time":"2021-02-02 22:20:58"}
{"level":"info","msg":"mysql connect success","time":"2021-02-02 22:21:01"}
{"level":"info","msg":"Shutdown Server ...","time":"2021-02-02 22:21:10"}
{"level":"info","msg":"Server exiting","time":"2021-02-02 22:21:10"}
{"level":"info","msg":"mysql connect success","time":"2021-02-02 22:21:19"}
{"level":"info","msg":"logE:/Go/src/blog/blog_api/service/blogger.go:20Error 1146: Table 'go_blog.bloggers' doesn't exist","time":"2021-02-02 22:21:24"}
{"level":"info","msg":"sqlE:/Go/src/blog/blog_api/service/blogger.go:20997.5µsSELECT * FROM `bloggers`  WHERE (id = 1) ORDER BY `bloggers`.`id` ASC LIMIT 1[] 0","time":"2021-02-02 22:21:24"}
{"body":"LS0tLS0tLS0tLS0tLS0tLS0tLS0tLS0tLS0tLTkxNTMyNDg0MTIwMjg2MTY1MTU1MDQ4Nw0KQ29udGVudC1EaXNwb3NpdGlvbjogZm9ybS1kYXRhOyBuYW1lPSJ1c2VybmFtZSINCg0KbmFtZQ0KLS0tLS0tLS0tLS0tLS0tLS0tLS0tLS0tLS0tLTkxNTMyNDg0MTIwMjg2MTY1MTU1MDQ4Nw0KQ29udGVudC1EaXNwb3NpdGlvbjogZm9ybS1kYXRhOyBuYW1lPSJwYXNzd29yZCINCg0KcGFzcw0KLS0tLS0tLS0tLS0tLS0tLS0tLS0tLS0tLS0tLTkxNTMyNDg0MTIwMjg2MTY1MTU1MDQ4Ny0tDQo=","clientIP":"::1","err":null,"header":{"Accept":["*/*"],"Accept-Encoding":["gzip, deflate, br"],"Cache-Control":["no-cache"],"Connection":["keep-alive"],"Content-Length":["278"],"Content-Type":["multipart/form-data; boundary=--------------------------915324841202861651550487"],"Passowrd":["pass"],"Postman-Token":["db73ea7e-0c48-427c-a194-93f65407382c"],"User-Agent":["PostmanRuntime/7.26.8"],"Username":["name"]},"latency_Time":1,"level":"info","msg":"","proto":"HTTP/1.1","reMethod":"POST","reqUri":"/blogger","status_code":200,"time":"2021-02-02 22:21:24"}
{"level":"info","msg":"logE:/Go/src/blog/blog_api/service/blogger.go:20Error 1146: Table 'go_blog.bloggers' doesn't exist","time":"2021-02-02 22:21:56"}
{"level":"info","msg":"sqlE:/Go/src/blog/blog_api/service/blogger.go:20999.2µsSELECT * FROM `bloggers`  WHERE (id = 1) ORDER BY `bloggers`.`id` ASC LIMIT 1[] 0","time":"2021-02-02 22:21:56"}
{"body":"","clientIP":"::1","err":null,"header":{"Accept":["*/*"],"Accept-Encoding":["gzip, deflate, br"],"Cache-Control":["no-cache"],"Connection":["keep-alive"],"Content-Length":["0"],"Postman-Token":["cf597c77-dbf7-4191-a71d-9facd6af8566"],"User-Agent":["PostmanRuntime/7.26.8"]},"latency_Time":0,"level":"info","msg":"","proto":"HTTP/1.1","reMethod":"POST","reqUri":"/blogger","status_code":200,"time":"2021-02-02 22:21:56"}
{"level":"info","msg":"Shutdown Server ...","time":"2021-02-02 22:23:57"}
{"level":"info","msg":"Server exiting","time":"2021-02-02 22:23:57"}
{"level":"info","msg":"mysql connect success","time":"2021-02-02 22:24:01"}
{"level":"info","msg":"sqlE:/Go/src/blog/blog_api/service/blogger.go:205.9836msSELECT * FROM `blogger`  WHERE (id = 1) ORDER BY `blogger`.`id` ASC LIMIT 1[] 1","time":"2021-02-02 22:24:04"}
{"body":"","clientIP":"::1","err":null,"header":{"Accept":["*/*"],"Accept-Encoding":["gzip, deflate, br"],"Cache-Control":["no-cache"],"Connection":["keep-alive"],"Content-Length":["0"],"Postman-Token":["6455b434-bbc9-4abc-bf83-fe8035891fb7"],"User-Agent":["PostmanRuntime/7.26.8"]},"latency_Time":7,"level":"info","msg":"","proto":"HTTP/1.1","reMethod":"POST","reqUri":"/blogger","status_code":200,"time":"2021-02-02 22:24:04"}
{"body":"eyJwYWdlIjoxLCJzaXplIjoxMH0=","clientIP":"127.0.0.1","err":null,"header":{"Accept":["application/json, text/plain, */*"],"Accept-Encoding":["gzip, deflate, br"],"Accept-Language":["zh-CN,zh;q=0.9,en-US;q=0.8,en;q=0.7"],"Connection":["close"],"Content-Length":["20"],"Content-Type":["application/json;charset=UTF-8"],"Cookie":["Goland-b4a5793=d841defa-8a63-4704-bd1f-db13581f05de"],"Origin":["http://localhost:9528"],"Referer":["http://localhost:9528/"],"Sec-Fetch-Dest":["empty"],"Sec-Fetch-Mode":["cors"],"Sec-Fetch-Site":["same-origin"],"User-Agent":["Mozilla/5.0 (Windows NT 10.0; Win64; x64) AppleWebKit/537.36 (KHTML, like Gecko) Chrome/89.0.4381.7 Safari/537.36 FS"]},"latency_Time":0,"level":"info","msg":"","proto":"HTTP/1.1","reMethod":"POST","reqUri":"/blog/list","status_code":404,"time":"2021-02-02 22:24:25"}
{"body":"","clientIP":"127.0.0.1","err":null,"header":{"Accept":["application/json, text/plain, */*"],"Accept-Encoding":["gzip, deflate, br"],"Accept-Language":["zh-CN,zh;q=0.9,en-US;q=0.8,en;q=0.7"],"Connection":["close"],"Content-Length":["0"],"Cookie":["Goland-b4a5793=d841defa-8a63-4704-bd1f-db13581f05de"],"Origin":["http://localhost:9528"],"Referer":["http://localhost:9528/"],"Sec-Fetch-Dest":["empty"],"Sec-Fetch-Mode":["cors"],"Sec-Fetch-Site":["same-origin"],"User-Agent":["Mozilla/5.0 (Windows NT 10.0; Win64; x64) AppleWebKit/537.36 (KHTML, like Gecko) Chrome/89.0.4381.7 Safari/537.36 FS"]},"latency_Time":0,"level":"info","msg":"","proto":"HTTP/1.1","reMethod":"POST","reqUri":"/blog/type","status_code":404,"time":"2021-02-02 22:24:25"}
{"level":"info","msg":"sqlE:/Go/src/blog/blog_api/service/blogger.go:20997.2µsSELECT * FROM `blogger`  WHERE (id = 1) ORDER BY `blogger`.`id` ASC LIMIT 1[] 1","time":"2021-02-02 22:24:25"}
{"body":"","clientIP":"127.0.0.1","err":null,"header":{"Accept":["application/json, text/plain, */*"],"Accept-Encoding":["gzip, deflate, br"],"Accept-Language":["zh-CN,zh;q=0.9,en-US;q=0.8,en;q=0.7"],"Connection":["close"],"Content-Length":["0"],"Cookie":["Goland-b4a5793=d841defa-8a63-4704-bd1f-db13581f05de"],"Origin":["http://localhost:9528"],"Referer":["http://localhost:9528/"],"Sec-Fetch-Dest":["empty"],"Sec-Fetch-Mode":["cors"],"Sec-Fetch-Site":["same-origin"],"User-Agent":["Mozilla/5.0 (Windows NT 10.0; Win64; x64) AppleWebKit/537.36 (KHTML, like Gecko) Chrome/89.0.4381.7 Safari/537.36 FS"]},"latency_Time":0,"level":"info","msg":"","proto":"HTTP/1.1","reMethod":"POST","reqUri":"/blogger","status_code":200,"time":"2021-02-02 22:24:25"}
{"level":"info","msg":"Shutdown Server ...","time":"2021-02-02 22:24:35"}
{"level":"info","msg":"Server exiting","time":"2021-02-02 22:24:35"}
{"level":"info","msg":"mysql connect success","time":"2021-02-02 22:24:41"}
{"level":"info","msg":"Shutdown Server ...","time":"2021-02-02 22:36:10"}
{"level":"info","msg":"Server exiting","time":"2021-02-02 22:36:10"}
{"level":"info","msg":"mysql connect success","time":"2021-02-02 22:36:14"}
{"level":"info","msg":"sqlE:/Go/src/blog/blog_api/service/blogger.go:201.9925msSELECT * FROM `blogger`  WHERE (id = 1) ORDER BY `blogger`.`id` ASC LIMIT 1[] 1","time":"2021-02-02 22:36:20"}
{"body":"","clientIP":"::1","err":null,"header":{"Accept":["*/*"],"Accept-Encoding":["gzip, deflate, br"],"Cache-Control":["no-cache"],"Connection":["keep-alive"],"Content-Length":["0"],"Postman-Token":["27ab3490-b456-4a70-854a-be6c20f83f7d"],"User-Agent":["PostmanRuntime/7.26.8"]},"latency_Time":2,"level":"info","msg":"","proto":"HTTP/1.1","reMethod":"POST","reqUri":"/blogger","status_code":200,"time":"2021-02-02 22:36:20"}
{"body":"","clientIP":"::1","err":null,"header":{"Accept":["*/*"],"Accept-Encoding":["gzip, deflate, br"],"Cache-Control":["no-cache"],"Connection":["keep-alive"],"Content-Length":["0"],"Postman-Token":["8504d8a5-651a-4208-bbcd-6c1050bc86a2"],"User-Agent":["PostmanRuntime/7.26.8"]},"latency_Time":0,"level":"info","msg":"","proto":"HTTP/1.1","reMethod":"POST","reqUri":"/api/blogger","status_code":404,"time":"2021-02-02 22:36:32"}
{"level":"info","msg":"Shutdown Server ...","time":"2021-02-02 22:37:46"}
{"level":"info","msg":"Server exiting","time":"2021-02-02 22:37:46"}
{"level":"info","msg":"mysql connect success","time":"2021-02-02 22:37:51"}
{"body":"","clientIP":"::1","err":null,"header":{"Accept":["*/*"],"Accept-Encoding":["gzip, deflate, br"],"Cache-Control":["no-cache"],"Connection":["keep-alive"],"Content-Length":["0"],"Postman-Token":["417587b2-45e6-4f27-b04e-b092e0e2093c"],"User-Agent":["PostmanRuntime/7.26.8"]},"latency_Time":0,"level":"info","msg":"","proto":"HTTP/1.1","reMethod":"POST","reqUri":"/api/blogger","status_code":404,"time":"2021-02-02 22:37:59"}
{"level":"info","msg":"Shutdown Server ...","time":"2021-02-02 22:38:19"}
{"level":"fatal","msg":"listen::9526\n","time":"2021-02-02 22:38:19"}
{"level":"info","msg":"mysql connect success","time":"2021-02-02 22:38:22"}
{"body":"","clientIP":"::1","err":null,"header":{"Accept":["*/*"],"Accept-Encoding":["gzip, deflate, br"],"Cache-Control":["no-cache"],"Connection":["keep-alive"],"Content-Length":["0"],"Postman-Token":["ec1e8cab-5348-4e90-8d2c-c7de2ccf0dcd"],"User-Agent":["PostmanRuntime/7.26.8"]},"latency_Time":0,"level":"info","msg":"","proto":"HTTP/1.1","reMethod":"POST","reqUri":"/api/blogger","status_code":404,"time":"2021-02-02 22:38:26"}
{"level":"info","msg":"Shutdown Server ...","time":"2021-02-02 22:47:21"}
{"level":"info","msg":"Server exiting","time":"2021-02-02 22:47:21"}
{"level":"info","msg":"mysql connect success","time":"2021-02-02 22:47:24"}
{"level":"info","msg":"Shutdown Server ...","time":"2021-02-02 23:44:00"}
{"level":"info","msg":"Server exiting","time":"2021-02-02 23:44:00"}
{"level":"info","msg":"mysql connect success","time":"2021-02-02 23:46:49"}
{"level":"info","msg":"mysql connect success","time":"2021-02-02 23:47:31"}
{"level":"info","msg":"mysql connect success","time":"2021-02-02 23:47:40"}
{"level":"info","msg":"mysql connect success","time":"2021-02-02 23:48:20"}
{"body":"eyJwYWdlIjoxLCJzaXplIjoxMH0=","clientIP":"127.0.0.1","err":null,"header":{"Accept":["application/json, text/plain, */*"],"Accept-Encoding":["gzip, deflate, br"],"Accept-Language":["zh-CN,zh;q=0.9,en-US;q=0.8,en;q=0.7"],"Connection":["close"],"Content-Length":["20"],"Content-Type":["application/json;charset=UTF-8"],"Cookie":["Goland-b4a5793=d841defa-8a63-4704-bd1f-db13581f05de"],"Origin":["http://localhost:9528"],"Referer":["http://localhost:9528/"],"Sec-Fetch-Dest":["empty"],"Sec-Fetch-Mode":["cors"],"Sec-Fetch-Site":["same-origin"],"User-Agent":["Mozilla/5.0 (Windows NT 10.0; Win64; x64) AppleWebKit/537.36 (KHTML, like Gecko) Chrome/89.0.4381.7 Safari/537.36 FS"]},"latency_Time":0,"level":"info","msg":"","proto":"HTTP/1.1","reMethod":"POST","reqUri":"/blog/list","status_code":404,"time":"2021-02-02 23:48:28"}
{"body":"","clientIP":"127.0.0.1","err":null,"header":{"Accept":["application/json, text/plain, */*"],"Accept-Encoding":["gzip, deflate, br"],"Accept-Language":["zh-CN,zh;q=0.9,en-US;q=0.8,en;q=0.7"],"Connection":["close"],"Content-Length":["0"],"Cookie":["Goland-b4a5793=d841defa-8a63-4704-bd1f-db13581f05de"],"Origin":["http://localhost:9528"],"Referer":["http://localhost:9528/"],"Sec-Fetch-Dest":["empty"],"Sec-Fetch-Mode":["cors"],"Sec-Fetch-Site":["same-origin"],"User-Agent":["Mozilla/5.0 (Windows NT 10.0; Win64; x64) AppleWebKit/537.36 (KHTML, like Gecko) Chrome/89.0.4381.7 Safari/537.36 FS"]},"latency_Time":0,"level":"info","msg":"","proto":"HTTP/1.1","reMethod":"POST","reqUri":"/blog/type","status_code":404,"time":"2021-02-02 23:48:28"}
{"level":"info","msg":"sqlE:/Go/src/blog/blog_api/service/blogger.go:209.9739msSELECT * FROM `blogger`  WHERE (id = 1) ORDER BY `blogger`.`id` ASC LIMIT 1[] 1","time":"2021-02-02 23:48:28"}
{"body":"","clientIP":"127.0.0.1","err":null,"header":{"Accept":["application/json, text/plain, */*"],"Accept-Encoding":["gzip, deflate, br"],"Accept-Language":["zh-CN,zh;q=0.9,en-US;q=0.8,en;q=0.7"],"Connection":["close"],"Content-Length":["0"],"Cookie":["Goland-b4a5793=d841defa-8a63-4704-bd1f-db13581f05de"],"Origin":["http://localhost:9528"],"Referer":["http://localhost:9528/"],"Sec-Fetch-Dest":["empty"],"Sec-Fetch-Mode":["cors"],"Sec-Fetch-Site":["same-origin"],"User-Agent":["Mozilla/5.0 (Windows NT 10.0; Win64; x64) AppleWebKit/537.36 (KHTML, like Gecko) Chrome/89.0.4381.7 Safari/537.36 FS"]},"latency_Time":9,"level":"info","msg":"","proto":"HTTP/1.1","reMethod":"POST","reqUri":"/blogger","status_code":200,"time":"2021-02-02 23:48:28"}
{"level":"info","msg":"Shutdown Server ...","time":"2021-02-02 23:49:23"}
{"level":"info","msg":"Server exiting","time":"2021-02-02 23:49:23"}
{"level":"info","msg":"mysql connect success","time":"2021-02-02 23:49:26"}
{"body":"eyJwYWdlIjoxLCJzaXplIjoxMH0=","clientIP":"127.0.0.1","err":null,"header":{"Accept":["application/json, text/plain, */*"],"Accept-Encoding":["gzip, deflate, br"],"Accept-Language":["zh-CN,zh;q=0.9,en-US;q=0.8,en;q=0.7"],"Connection":["close"],"Content-Length":["20"],"Content-Type":["application/json;charset=UTF-8"],"Cookie":["Goland-b4a5793=d841defa-8a63-4704-bd1f-db13581f05de"],"Origin":["http://localhost:9528"],"Referer":["http://localhost:9528/"],"Sec-Fetch-Dest":["empty"],"Sec-Fetch-Mode":["cors"],"Sec-Fetch-Site":["same-origin"],"User-Agent":["Mozilla/5.0 (Windows NT 10.0; Win64; x64) AppleWebKit/537.36 (KHTML, like Gecko) Chrome/89.0.4381.7 Safari/537.36 FS"]},"latency_Time":0,"level":"info","msg":"","proto":"HTTP/1.1","reMethod":"POST","reqUri":"/blog/list","status_code":404,"time":"2021-02-02 23:49:30"}
{"level":"info","msg":"sqlE:/Go/src/blog/blog_api/service/blogger.go:202.0005msSELECT * FROM `blogger`  WHERE (id = 1) ORDER BY `blogger`.`id` ASC LIMIT 1[] 1","time":"2021-02-02 23:49:30"}
{"body":"","clientIP":"127.0.0.1","err":null,"header":{"Accept":["application/json, text/plain, */*"],"Accept-Encoding":["gzip, deflate, br"],"Accept-Language":["zh-CN,zh;q=0.9,en-US;q=0.8,en;q=0.7"],"Connection":["close"],"Content-Length":["0"],"Cookie":["Goland-b4a5793=d841defa-8a63-4704-bd1f-db13581f05de"],"Origin":["http://localhost:9528"],"Referer":["http://localhost:9528/"],"Sec-Fetch-Dest":["empty"],"Sec-Fetch-Mode":["cors"],"Sec-Fetch-Site":["same-origin"],"User-Agent":["Mozilla/5.0 (Windows NT 10.0; Win64; x64) AppleWebKit/537.36 (KHTML, like Gecko) Chrome/89.0.4381.7 Safari/537.36 FS"]},"latency_Time":3,"level":"info","msg":"","proto":"HTTP/1.1","reMethod":"POST","reqUri":"/blogger","status_code":200,"time":"2021-02-02 23:49:30"}
{"level":"info","msg":"sqlE:/Go/src/blog/blog_api/service/blogType.go:198.9768ms select b.`typeId` as typeId,count(`b`.`id`) as b_count,`bt`.`name` `b_name` from `blog` `b` left join `blog_type` `bt` on `b`.`typeId` = `bt`.`id` group by `b`.`typeId`[] 0","time":"2021-02-02 23:49:30"}
{"body":"","clientIP":"127.0.0.1","err":null,"header":{"Accept":["application/json, text/plain, */*"],"Accept-Encoding":["gzip, deflate, br"],"Accept-Language":["zh-CN,zh;q=0.9,en-US;q=0.8,en;q=0.7"],"Connection":["close"],"Content-Length":["0"],"Cookie":["Goland-b4a5793=d841defa-8a63-4704-bd1f-db13581f05de"],"Origin":["http://localhost:9528"],"Referer":["http://localhost:9528/"],"Sec-Fetch-Dest":["empty"],"Sec-Fetch-Mode":["cors"],"Sec-Fetch-Site":["same-origin"],"User-Agent":["Mozilla/5.0 (Windows NT 10.0; Win64; x64) AppleWebKit/537.36 (KHTML, like Gecko) Chrome/89.0.4381.7 Safari/537.36 FS"]},"latency_Time":9,"level":"info","msg":"","proto":"HTTP/1.1","reMethod":"POST","reqUri":"/blog/type","status_code":200,"time":"2021-02-02 23:49:30"}
{"body":"eyJwYWdlIjoxLCJzaXplIjoxMCwidHlwZV9pZCI6MX0=","clientIP":"127.0.0.1","err":null,"header":{"Accept":["application/json, text/plain, */*"],"Accept-Encoding":["gzip, deflate, br"],"Accept-Language":["zh-CN,zh;q=0.9,en-US;q=0.8,en;q=0.7"],"Connection":["close"],"Content-Length":["32"],"Content-Type":["application/json;charset=UTF-8"],"Cookie":["Goland-b4a5793=d841defa-8a63-4704-bd1f-db13581f05de"],"Origin":["http://localhost:9528"],"Referer":["http://localhost:9528/"],"Sec-Fetch-Dest":["empty"],"Sec-Fetch-Mode":["cors"],"Sec-Fetch-Site":["same-origin"],"User-Agent":["Mozilla/5.0 (Windows NT 10.0; Win64; x64) AppleWebKit/537.36 (KHTML, like Gecko) Chrome/89.0.4381.7 Safari/537.36 FS"]},"latency_Time":0,"level":"info","msg":"","proto":"HTTP/1.1","reMethod":"POST","reqUri":"/blog/list","status_code":404,"time":"2021-02-02 23:49:32"}
{"body":"eyJwYWdlIjoxLCJzaXplIjoxMCwidHlwZV9pZCI6Mn0=","clientIP":"127.0.0.1","err":null,"header":{"Accept":["application/json, text/plain, */*"],"Accept-Encoding":["gzip, deflate, br"],"Accept-Language":["zh-CN,zh;q=0.9,en-US;q=0.8,en;q=0.7"],"Connection":["close"],"Content-Length":["32"],"Content-Type":["application/json;charset=UTF-8"],"Cookie":["Goland-b4a5793=d841defa-8a63-4704-bd1f-db13581f05de"],"Origin":["http://localhost:9528"],"Referer":["http://localhost:9528/"],"Sec-Fetch-Dest":["empty"],"Sec-Fetch-Mode":["cors"],"Sec-Fetch-Site":["same-origin"],"User-Agent":["Mozilla/5.0 (Windows NT 10.0; Win64; x64) AppleWebKit/537.36 (KHTML, like Gecko) Chrome/89.0.4381.7 Safari/537.36 FS"]},"latency_Time":0,"level":"info","msg":"","proto":"HTTP/1.1","reMethod":"POST","reqUri":"/blog/list","status_code":404,"time":"2021-02-02 23:49:33"}
{"body":"eyJwYWdlIjoxLCJzaXplIjoxMCwidHlwZV9pZCI6Mn0=","clientIP":"127.0.0.1","err":null,"header":{"Accept":["application/json, text/plain, */*"],"Accept-Encoding":["gzip, deflate, br"],"Accept-Language":["zh-CN,zh;q=0.9,en-US;q=0.8,en;q=0.7"],"Connection":["close"],"Content-Length":["32"],"Content-Type":["application/json;charset=UTF-8"],"Cookie":["Goland-b4a5793=d841defa-8a63-4704-bd1f-db13581f05de"],"Origin":["http://localhost:9528"],"Referer":["http://localhost:9528/"],"Sec-Fetch-Dest":["empty"],"Sec-Fetch-Mode":["cors"],"Sec-Fetch-Site":["same-origin"],"User-Agent":["Mozilla/5.0 (Windows NT 10.0; Win64; x64) AppleWebKit/537.36 (KHTML, like Gecko) Chrome/89.0.4381.7 Safari/537.36 FS"]},"latency_Time":0,"level":"info","msg":"","proto":"HTTP/1.1","reMethod":"POST","reqUri":"/blog/list","status_code":404,"time":"2021-02-02 23:52:50"}
{"level":"info","msg":"sqlE:/Go/src/blog/blog_api/service/blogger.go:201.9956msSELECT * FROM `blogger`  WHERE (id = 1) ORDER BY `blogger`.`id` ASC LIMIT 1[] 1","time":"2021-02-02 23:52:50"}
{"body":"","clientIP":"127.0.0.1","err":null,"header":{"Accept":["application/json, text/plain, */*"],"Accept-Encoding":["gzip, deflate, br"],"Accept-Language":["zh-CN,zh;q=0.9,en-US;q=0.8,en;q=0.7"],"Connection":["close"],"Content-Length":["0"],"Cookie":["Goland-b4a5793=d841defa-8a63-4704-bd1f-db13581f05de"],"Origin":["http://localhost:9528"],"Referer":["http://localhost:9528/"],"Sec-Fetch-Dest":["empty"],"Sec-Fetch-Mode":["cors"],"Sec-Fetch-Site":["same-origin"],"User-Agent":["Mozilla/5.0 (Windows NT 10.0; Win64; x64) AppleWebKit/537.36 (KHTML, like Gecko) Chrome/89.0.4381.7 Safari/537.36 FS"]},"latency_Time":2,"level":"info","msg":"","proto":"HTTP/1.1","reMethod":"POST","reqUri":"/blogger","status_code":200,"time":"2021-02-02 23:52:50"}
{"level":"info","msg":"sqlE:/Go/src/blog/blog_api/service/blogType.go:191.9943ms select b.`typeId` as typeId,count(`b`.`id`) as b_count,`bt`.`name` `b_name` from `blog` `b` left join `blog_type` `bt` on `b`.`typeId` = `bt`.`id` group by `b`.`typeId`[] 0","time":"2021-02-02 23:52:50"}
{"body":"","clientIP":"127.0.0.1","err":null,"header":{"Accept":["application/json, text/plain, */*"],"Accept-Encoding":["gzip, deflate, br"],"Accept-Language":["zh-CN,zh;q=0.9,en-US;q=0.8,en;q=0.7"],"Connection":["close"],"Content-Length":["0"],"Cookie":["Goland-b4a5793=d841defa-8a63-4704-bd1f-db13581f05de"],"Origin":["http://localhost:9528"],"Referer":["http://localhost:9528/"],"Sec-Fetch-Dest":["empty"],"Sec-Fetch-Mode":["cors"],"Sec-Fetch-Site":["same-origin"],"User-Agent":["Mozilla/5.0 (Windows NT 10.0; Win64; x64) AppleWebKit/537.36 (KHTML, like Gecko) Chrome/89.0.4381.7 Safari/537.36 FS"]},"latency_Time":3,"level":"info","msg":"","proto":"HTTP/1.1","reMethod":"POST","reqUri":"/blog/type","status_code":200,"time":"2021-02-02 23:52:50"}
